<?xml version="1.0" encoding="UTF-8"?>
<!-- Generated by org.testng.reporters.JUnitReportReporter -->
<testsuite skipped="0" hostname="LAPTOP-D0FGM306" name="week6.day2.Assignment1.DuplicateLead" tests="1" failures="0" timestamp="2023-02-10T20:33:37 IST" time="126.418" errors="0">
  <testcase name="runDuplicateLead" time="126.418" classname="week6.day2.Assignment1.DuplicateLead"/>
  <system-out/>
</testsuite> <!-- week6.day2.Assignment1.DuplicateLead -->
