<?xml version="1.0" encoding="UTF-8"?>
<!-- Generated by org.testng.reporters.JUnitReportReporter -->
<testsuite skipped="0" hostname="LAPTOP-D0FGM306" name="week6.day1.testcase.DuplicateLead" tests="1" failures="0" timestamp="2023-02-08T18:13:35 IST" time="218.308" errors="0">
  <testcase name="runDuplicateLead" time="218.308" classname="week6.day1.testcase.DuplicateLead"/>
  <system-out/>
</testsuite> <!-- week6.day1.testcase.DuplicateLead -->
